<?xml version='1.0' encoding='UTF-8'?>
<testsuite hostname="OprimeKS-Mac-DoruntineM.local" name="DashboardTest" tests="7" errors="0" failures="0" skipped="0" time="90.857" timestamp="2022-08-16T10:15:38">
          <properties>
      <property name="awt.toolkit" value="sun.lwawt.macosx.LWCToolkit"/><property name="java.specification.version" value="11"/><property name="sun.cpu.isalist" value=""/><property name="sun.jnu.encoding" value="UTF-8"/><property name="sun.arch.data.model" value="64"/><property name="sbt.supershell" value="false"/><property name="java.vendor.url" value="http://java.oracle.com/"/><property name="sun.boot.library.path" value="/Library/Java/JavaVirtualMachines/jdk-11.0.5.jdk/Contents/Home/lib"/><property name="sun.java.command" value="/Users/doruntinemaloku/Library/Application Support/JetBrains/IntelliJIdea2022.2/plugins/Scala/launcher/sbt-launch.jar early(addPluginSbtFile=&quot;&quot;&quot;/private/var/folders/6s/3jdx8h850dz9x_bmbg7qfrfh0000gn/T/idea2.sbt&quot;&quot;&quot;) ; set ideaPort in Global := 51511 ; idea-shell"/><property name="jdk.debug" value="release"/><property name="java.specification.vendor" value="Oracle Corporation"/><property name="java.version.date" value="2019-10-15"/><property name="java.home" value="/Library/Java/JavaVirtualMachines/jdk-11.0.5.jdk/Contents/Home"/><property name="file.separator" value="/"/><property name="java.vm.compressedOopsMode" value="Zero based"/><property name="line.separator" value="
"/><property name="java.specification.name" value="Java Platform API Specification"/><property name="java.vm.specification.vendor" value="Oracle Corporation"/><property name="idea.installation.dir" value="/Applications/IntelliJ IDEA.app/Contents"/><property name="sun.management.compiler" value="HotSpot 64-Bit Tiered Compilers"/><property name="java.runtime.version" value="11.0.5+10-LTS"/><property name="user.name" value="doruntinemaloku"/><property name="log4j.ignoreTCL" value="true"/><property name="file.encoding" value="UTF-8"/><property name="jnidispatch.path" value="/Users/doruntinemaloku/Library/Caches/JNA/temp/jna9274264931813198040.tmp"/><property name="java.vendor.version" value="18.9"/><property name="jna.loaded" value="true"/><property name="java.io.tmpdir" value="/var/folders/6s/3jdx8h850dz9x_bmbg7qfrfh0000gn/T/"/><property name="java.version" value="11.0.5"/><property name="java.vm.specification.name" value="Java Virtual Machine Specification"/><property name="java.awt.printerjob" value="sun.lwawt.macosx.CPrinterJob"/><property name="sun.os.patch.level" value="unknown"/><property name="java.library.path" value="/Users/doruntinemaloku/Library/Java/Extensions:/Library/Java/Extensions:/Network/Library/Java/Extensions:/System/Library/Java/Extensions:/usr/lib/java:."/><property name="java.vendor" value="Oracle Corporation"/><property name="sun.io.unicode.encoding" value="UnicodeBig"/><property name="socksNonProxyHosts" value="local|*.local|169.254/16|*.169.254/16"/><property name="gopherProxySet" value="false"/><property name="java.class.path" value="/Users/doruntinemaloku/Library/Application Support/JetBrains/IntelliJIdea2022.2/plugins/Scala/launcher/sbt-launch.jar"/><property name="java.vm.vendor" value="Oracle Corporation"/><property name="jline.shutdownhook" value="false"/><property name="user.timezone" value="Europe/Belgrade"/><property name="os.name" value="Mac OS X"/><property name="java.vm.specification.version" value="11"/><property name="sun.java.launcher" value="SUN_STANDARD"/><property name="user.country" value="XK"/><property name="http.nonProxyHosts" value="local|*.local|169.254/16|*.169.254/16"/><property name="sun.cpu.endian" value="little"/><property name="user.home" value="/Users/doruntinemaloku"/><property name="user.language" value="en"/><property name="sbt.ipcsocket.tmpdir" value="/var/folders/6s/3jdx8h850dz9x_bmbg7qfrfh0000gn/T/.sbt/ipcsocket"/><property name="swoval.tmpdir" value="/var/folders/6s/3jdx8h850dz9x_bmbg7qfrfh0000gn/T/.sbt/swoval"/><property name="java.awt.graphicsenv" value="sun.awt.CGraphicsEnvironment"/><property name="jline.esc.timeout" value="0"/><property name="ftp.nonProxyHosts" value="local|*.local|169.254/16|*.169.254/16"/><property name="path.separator" value=":"/><property name="os.version" value="10.16"/><property name="jna.nosys" value="true"/><property name="java.runtime.name" value="Java(TM) SE Runtime Environment"/><property name="java.vm.name" value="Java HotSpot(TM) 64-Bit Server VM"/><property name="jna.platform.library.path" value="/usr/lib:/usr/lib"/><property name="java.vendor.url.bug" value="http://bugreport.java.com/bugreport/"/><property name="user.dir" value="/Users/doruntinemaloku/Documents/Backend_API_Excersise"/><property name="os.arch" value="x86_64"/><property name="idea.managed" value="true"/><property name="java.vm.info" value="mixed mode"/><property name="java.vm.version" value="11.0.5+10-LTS"/><property name="java.class.version" value="55.0"/>
    </properties>
          <testcase classname="DashboardTest" name="testRead2" time="18.638">
                      
                    </testcase><testcase classname="DashboardTest" name="testSave2" time="12.327">
                      
                    </testcase><testcase classname="DashboardTest" name="testRead" time="12.177">
                      
                    </testcase><testcase classname="DashboardTest" name="testSave" time="11.803">
                      
                    </testcase><testcase classname="DashboardTest" name="testUpdate2" time="11.979">
                      
                    </testcase><testcase classname="DashboardTest" name="testDelete" time="12.019">
                      
                    </testcase><testcase classname="DashboardTest" name="testUpdate" time="11.914">
                      
                    </testcase>
          <system-out><![CDATA[]]></system-out>
          <system-err><![CDATA[]]></system-err>
        </testsuite>